2025-10-16 09:49:31,550 [INFO] ================================================================================
2025-10-16 09:49:31,550 [INFO] FARFAN 3.0 - ARCHITECTURE & COMPILATION TEST SUITE
2025-10-16 09:49:31,550 [INFO] ================================================================================
2025-10-16 09:49:31,550 [INFO] 
================================================================================
2025-10-16 09:49:31,550 [INFO] TEST 1: File Structure
2025-10-16 09:49:31,550 [INFO] ================================================================================
2025-10-16 09:49:31,550 [INFO] 
Checking file structure...
2025-10-16 09:49:31,551 [INFO]   ✓ orchestrator/__init__.py                 - Orchestrator package init
2025-10-16 09:49:31,551 [INFO]   ✓ orchestrator/config.py                   - Configuration
2025-10-16 09:49:31,551 [INFO]   ✓ orchestrator/module_adapters.py          - Module adapters (CRITICAL)
2025-10-16 09:49:31,551 [INFO]   ✓ orchestrator/question_router.py          - Question router
2025-10-16 09:49:31,551 [INFO]   ✓ orchestrator/choreographer.py            - Execution choreographer
2025-10-16 09:49:31,551 [INFO]   ✓ orchestrator/core_orchestrator.py        - Core orchestrator
2025-10-16 09:49:31,551 [INFO]   ✓ orchestrator/circuit_breaker.py          - Circuit breaker
2025-10-16 09:49:31,551 [INFO]   ✓ run_farfan.py                            - Main entry point
2025-10-16 09:49:31,551 [INFO] ✓ File Structure PASSED
2025-10-16 09:49:31,551 [INFO] 
================================================================================
2025-10-16 09:49:31,551 [INFO] TEST 2: Python Syntax
2025-10-16 09:49:31,551 [INFO] ================================================================================
2025-10-16 09:49:31,551 [INFO] 
Checking Python syntax...
2025-10-16 09:49:31,554 [INFO]   ✓ choreographer.py                         - Valid syntax
2025-10-16 09:49:31,556 [INFO]   ✓ report_assembly.py                       - Valid syntax
2025-10-16 09:49:31,557 [INFO]   ✓ config.py                                - Valid syntax
2025-10-16 09:49:31,558 [INFO]   ✓ question_router.py                       - Valid syntax
2025-10-16 09:49:31,568 [INFO]   ✓ module_adapters.py                       - Valid syntax
2025-10-16 09:49:31,571 [INFO]   ✓ core_orchestrator.py                     - Valid syntax
2025-10-16 09:49:31,571 [INFO]   ✓ __init__.py                              - Valid syntax
2025-10-16 09:49:31,573 [INFO]   ✓ circuit_breaker.py                       - Valid syntax
2025-10-16 09:49:31,578 [INFO]   ✓ dashboard_generator.py                   - Valid syntax
2025-10-16 09:49:31,579 [INFO]   ✓ run_farfan.py                            - Valid syntax
2025-10-16 09:49:31,579 [INFO] ✓ Python Syntax PASSED
2025-10-16 09:49:31,579 [INFO] 
================================================================================
2025-10-16 09:49:31,579 [INFO] TEST 3: Import Statements
2025-10-16 09:49:31,579 [INFO] ================================================================================
2025-10-16 09:49:31,579 [INFO] 
Checking import statements...
2025-10-16 09:49:31,589 [INFO]   ✓ Found 15 import statements
2025-10-16 09:49:31,591 [INFO] ✓ Import Statements PASSED
2025-10-16 09:49:31,591 [INFO] 
================================================================================
2025-10-16 09:49:31,591 [INFO] TEST 4: Class Definitions
2025-10-16 09:49:31,591 [INFO] ================================================================================
2025-10-16 09:49:31,591 [INFO] 
Checking class definitions...
2025-10-16 09:49:31,600 [INFO]   ✓ ModuleResult                        - Defined
2025-10-16 09:49:31,600 [INFO]   ✓ PolicyProcessorAdapter              - Defined
2025-10-16 09:49:31,600 [INFO]   ✓ AnalyzerOneAdapter                  - Defined
2025-10-16 09:49:31,600 [INFO]   ✓ ContradictionDetectorAdapter        - Defined
2025-10-16 09:49:31,600 [INFO]   ✓ DerekBeachAdapter                   - Defined
2025-10-16 09:49:31,600 [INFO]   ✓ EmbeddingPolicyAdapter              - Defined
2025-10-16 09:49:31,600 [INFO]   ✓ FinancialAnalyzerAdapter            - Defined
2025-10-16 09:49:31,600 [INFO]   ✓ CausalProcessorAdapter              - Defined
2025-10-16 09:49:31,600 [INFO]   ✓ PolicySegmenterAdapter              - Defined
2025-10-16 09:49:31,600 [INFO]   ✓ ModuleAdapterRegistry               - Defined
2025-10-16 09:49:31,600 [INFO] 
  Total classes found: 10
2025-10-16 09:49:31,600 [INFO]   Expected classes: 10
2025-10-16 09:49:31,600 [INFO] ✓ Class Definitions PASSED
2025-10-16 09:49:31,600 [INFO] 
================================================================================
2025-10-16 09:49:31,600 [INFO] TEST 5: Method Signatures
2025-10-16 09:49:31,600 [INFO] ================================================================================
2025-10-16 09:49:31,600 [INFO] 
Checking adapter method signatures...
2025-10-16 09:49:31,609 [INFO] 
  PolicyProcessorAdapter:
2025-10-16 09:49:31,609 [INFO]     ✓ __init__
2025-10-16 09:49:31,609 [INFO]     ✓ _load_module
2025-10-16 09:49:31,609 [INFO]     ✓ execute
2025-10-16 09:49:31,609 [INFO] 
  AnalyzerOneAdapter:
2025-10-16 09:49:31,609 [INFO]     ✓ __init__
2025-10-16 09:49:31,609 [INFO]     ✓ _load_module
2025-10-16 09:49:31,609 [INFO]     ✓ execute
2025-10-16 09:49:31,609 [INFO] 
  DerekBeachAdapter:
2025-10-16 09:49:31,609 [INFO]     ✓ __init__
2025-10-16 09:49:31,609 [INFO]     ✓ _load_module
2025-10-16 09:49:31,609 [INFO]     ✓ execute
2025-10-16 09:49:31,609 [INFO] 
  ContradictionDetectorAdapter:
2025-10-16 09:49:31,609 [INFO]     ✓ __init__
2025-10-16 09:49:31,609 [INFO]     ✓ _load_module
2025-10-16 09:49:31,609 [INFO]     ✓ execute
2025-10-16 09:49:31,609 [INFO] 
  EmbeddingPolicyAdapter:
2025-10-16 09:49:31,609 [INFO]     ✓ __init__
2025-10-16 09:49:31,609 [INFO]     ✓ _load_module
2025-10-16 09:49:31,609 [INFO]     ✓ execute
2025-10-16 09:49:31,609 [INFO] 
  FinancialAnalyzerAdapter:
2025-10-16 09:49:31,609 [INFO]     ✓ __init__
2025-10-16 09:49:31,609 [INFO]     ✓ _load_module
2025-10-16 09:49:31,609 [INFO]     ✓ execute
2025-10-16 09:49:31,609 [INFO] 
  CausalProcessorAdapter:
2025-10-16 09:49:31,609 [INFO]     ✓ __init__
2025-10-16 09:49:31,609 [INFO]     ✓ _load_module
2025-10-16 09:49:31,609 [INFO]     ✓ execute
2025-10-16 09:49:31,609 [INFO] 
  PolicySegmenterAdapter:
2025-10-16 09:49:31,609 [INFO]     ✓ __init__
2025-10-16 09:49:31,609 [INFO]     ✓ _load_module
2025-10-16 09:49:31,609 [INFO]     ✓ execute
2025-10-16 09:49:31,609 [INFO] ✓ Method Signatures PASSED
2025-10-16 09:49:31,609 [INFO] 
================================================================================
2025-10-16 09:49:31,609 [INFO] TEST 6: Adapter Registry
2025-10-16 09:49:31,609 [INFO] ================================================================================
2025-10-16 09:49:31,609 [INFO] 
Checking ModuleAdapterRegistry...
2025-10-16 09:49:31,610 [INFO]   ✓ policy_processor               - Referenced
2025-10-16 09:49:31,610 [INFO]   ✓ analyzer_one                   - Referenced
2025-10-16 09:49:31,610 [INFO]   ✓ contradiction_detector         - Referenced
2025-10-16 09:49:31,610 [INFO]   ✓ dereck_beach                   - Referenced
2025-10-16 09:49:31,610 [INFO]   ✓ embedding_policy               - Referenced
2025-10-16 09:49:31,610 [INFO]   ✓ financial_viability            - Referenced
2025-10-16 09:49:31,610 [INFO]   ✓ causal_processor               - Referenced
2025-10-16 09:49:31,610 [INFO]   ✓ policy_segmenter               - Referenced
2025-10-16 09:49:31,610 [INFO] ✓ Adapter Registry PASSED
2025-10-16 09:49:31,610 [INFO] 
================================================================================
2025-10-16 09:49:31,610 [INFO] TEST 7: Question Router
2025-10-16 09:49:31,610 [INFO] ================================================================================
2025-10-16 09:49:31,610 [INFO] 
Checking QuestionRouter...
2025-10-16 09:49:31,611 [INFO]   ✓ __init__
2025-10-16 09:49:31,611 [INFO]   ✓ get_modules_for_question
2025-10-16 09:49:31,611 [INFO]   ✓ _determine_required_modules
2025-10-16 09:49:31,611 [INFO]   ✓ Dimension D1 mapped
2025-10-16 09:49:31,611 [INFO]   ✓ Dimension D2 mapped
2025-10-16 09:49:31,611 [INFO]   ✓ Dimension D3 mapped
2025-10-16 09:49:31,611 [INFO]   ✓ Dimension D4 mapped
2025-10-16 09:49:31,611 [INFO]   ✓ Dimension D5 mapped
2025-10-16 09:49:31,611 [INFO]   ✓ Dimension D6 mapped
2025-10-16 09:49:31,611 [INFO] ✓ Question Router PASSED
2025-10-16 09:49:31,611 [INFO] 
================================================================================
2025-10-16 09:49:31,611 [INFO] TEST 8: Choreographer
2025-10-16 09:49:31,611 [INFO] ================================================================================
2025-10-16 09:49:31,611 [INFO] 
Checking ExecutionChoreographer...
2025-10-16 09:49:31,612 [INFO]   ✓ __init__
2025-10-16 09:49:31,612 [INFO]   ✓ execute_for_question
2025-10-16 09:49:31,612 [INFO]   ✓ _execute_module
2025-10-16 09:49:31,612 [INFO]   ✓ _execute_wave
2025-10-16 09:49:31,612 [INFO]   ✓ Imports ModuleAdapterRegistry
2025-10-16 09:49:31,612 [INFO] ✓ Choreographer PASSED
2025-10-16 09:49:31,612 [INFO] 
================================================================================
2025-10-16 09:49:31,612 [INFO] TEST 9: Config Consistency
2025-10-16 09:49:31,612 [INFO] ================================================================================
2025-10-16 09:49:31,612 [INFO] 
Checking config consistency...
2025-10-16 09:49:31,612 [INFO]   ✓ policy_processor               - Consistent
2025-10-16 09:49:31,612 [INFO]   ✓ analyzer_one                   - Consistent
2025-10-16 09:49:31,612 [INFO]   ✓ contradiction_detector         - Consistent
2025-10-16 09:49:31,612 [INFO]   ✓ dereck_beach                   - Consistent
2025-10-16 09:49:31,612 [INFO]   ✓ embedding_policy               - Consistent
2025-10-16 09:49:31,612 [INFO]   ✓ financial_viability            - Consistent
2025-10-16 09:49:31,612 [INFO]   ✓ causal_processor               - Consistent
2025-10-16 09:49:31,612 [INFO]   ✓ policy_segmenter               - Consistent
2025-10-16 09:49:31,612 [INFO] ✓ Config Consistency PASSED
2025-10-16 09:49:31,612 [INFO] 
================================================================================
2025-10-16 09:49:31,612 [INFO] TEST 10: Invocation Chain
2025-10-16 09:49:31,612 [INFO] ================================================================================
2025-10-16 09:49:31,612 [INFO] 
Checking invocation chain...
2025-10-16 09:49:31,612 [INFO]   ✓ run_farfan.py imports orchestrator
2025-10-16 09:49:31,613 [INFO]   ✓ Orchestrator imports choreographer
2025-10-16 09:49:31,613 [INFO]   ✓ Choreographer imports registry
2025-10-16 09:49:31,620 [INFO]   ✓ Registry initializes adapters
2025-10-16 09:49:31,627 [INFO]   ✓ Adapters have execute method
2025-10-16 09:49:31,627 [INFO] ✓ Invocation Chain PASSED
2025-10-16 09:49:31,627 [INFO] 
================================================================================
2025-10-16 09:49:31,627 [INFO] TEST SUMMARY
2025-10-16 09:49:31,627 [INFO] ================================================================================
2025-10-16 09:49:31,627 [INFO] 
Tests passed: 10/10
2025-10-16 09:49:31,628 [INFO] Success rate: 100.0%
2025-10-16 09:49:31,628 [INFO] 
✅ ALL CHECKS PASSED - ARCHITECTURE IS SOUND!
2025-10-16 09:49:31,628 [INFO] 
Log saved to: test_architecture.log
2025-10-16 09:49:31,628 [INFO] ================================================================================
2025-10-17 00:43:19,082 [INFO] ================================================================================
2025-10-17 00:43:19,082 [INFO] FARFAN 3.0 - ARCHITECTURE & COMPILATION TEST SUITE
2025-10-17 00:43:19,082 [INFO] ================================================================================
2025-10-17 00:43:19,082 [INFO] 
================================================================================
2025-10-17 00:43:19,082 [INFO] TEST 1: File Structure
2025-10-17 00:43:19,082 [INFO] ================================================================================
2025-10-17 00:43:19,082 [INFO] 
Checking file structure...
2025-10-17 00:43:19,082 [INFO]   ✓ orchestrator/__init__.py                 - Orchestrator package init
2025-10-17 00:43:19,082 [INFO]   ✓ orchestrator/config.py                   - Configuration
2025-10-17 00:43:19,082 [INFO]   ✓ orchestrator/module_adapters.py          - Module adapters (CRITICAL)
2025-10-17 00:43:19,082 [INFO]   ✓ orchestrator/question_router.py          - Question router
2025-10-17 00:43:19,082 [INFO]   ✓ orchestrator/choreographer.py            - Execution choreographer
2025-10-17 00:43:19,083 [INFO]   ✓ orchestrator/core_orchestrator.py        - Core orchestrator
2025-10-17 00:43:19,083 [INFO]   ✓ orchestrator/circuit_breaker.py          - Circuit breaker
2025-10-17 00:43:19,083 [INFO]   ✓ run_farfan.py                            - Main entry point
2025-10-17 00:43:19,083 [INFO] ✓ File Structure PASSED
2025-10-17 00:43:19,083 [INFO] 
================================================================================
2025-10-17 00:43:19,083 [INFO] TEST 2: Python Syntax
2025-10-17 00:43:19,083 [INFO] ================================================================================
2025-10-17 00:43:19,083 [INFO] 
Checking Python syntax...
2025-10-17 00:43:19,101 [INFO]   ✓ module_adapters.py                       - Valid syntax
2025-10-17 00:43:19,106 [INFO]   ✓ report_assembly.py                       - Valid syntax
2025-10-17 00:43:19,109 [INFO]   ✓ choreographer.py                         - Valid syntax
2025-10-17 00:43:19,109 [INFO]   ✓ __init__.py                              - Valid syntax
2025-10-17 00:43:19,113 [INFO]   ✓ core_orchestrator.py                     - Valid syntax
2025-10-17 00:43:19,117 [INFO]   ✓ dashboard_generator.py                   - Valid syntax
2025-10-17 00:43:19,121 [INFO]   ✓ circuit_breaker.py                       - Valid syntax
2025-10-17 00:43:19,122 [INFO]   ✓ config.py                                - Valid syntax
2025-10-17 00:43:19,124 [INFO]   ✓ question_router.py                       - Valid syntax
2025-10-17 00:43:19,126 [INFO]   ✓ questionnaire_parser.py                  - Valid syntax
2025-10-17 00:43:19,128 [INFO]   ✓ run_farfan.py                            - Valid syntax
2025-10-17 00:43:19,128 [INFO] ✓ Python Syntax PASSED
2025-10-17 00:43:19,128 [INFO] 
================================================================================
2025-10-17 00:43:19,128 [INFO] TEST 3: Import Statements
2025-10-17 00:43:19,128 [INFO] ================================================================================
2025-10-17 00:43:19,128 [INFO] 
Checking import statements...
2025-10-17 00:43:19,151 [INFO]   ✓ Found 28 import statements
2025-10-17 00:43:19,152 [INFO] ✓ Import Statements PASSED
2025-10-17 00:43:19,152 [INFO] 
================================================================================
2025-10-17 00:43:19,152 [INFO] TEST 4: Class Definitions
2025-10-17 00:43:19,152 [INFO] ================================================================================
2025-10-17 00:43:19,152 [INFO] 
Checking class definitions...
2025-10-17 00:43:19,175 [INFO]   ✓ ModuleResult                        - Defined
2025-10-17 00:43:19,175 [INFO]   ✓ PolicyProcessorAdapter              - Defined
2025-10-17 00:43:19,175 [INFO]   ✓ AnalyzerOneAdapter                  - Defined
2025-10-17 00:43:19,175 [INFO]   ✓ ContradictionDetectorAdapter        - Defined
2025-10-17 00:43:19,175 [INFO]   ✓ DerekBeachAdapter                   - Defined
2025-10-17 00:43:19,175 [INFO]   ✓ EmbeddingPolicyAdapter              - Defined
2025-10-17 00:43:19,175 [INFO]   ✓ FinancialAnalyzerAdapter            - Defined
2025-10-17 00:43:19,175 [INFO]   ✓ CausalProcessorAdapter              - Defined
2025-10-17 00:43:19,175 [INFO]   ✓ PolicySegmenterAdapter              - Defined
2025-10-17 00:43:19,175 [INFO]   ✓ ModuleAdapterRegistry               - Defined
2025-10-17 00:43:19,175 [INFO] 
  Total classes found: 19
2025-10-17 00:43:19,175 [INFO]   Expected classes: 10
2025-10-17 00:43:19,176 [INFO] ✓ Class Definitions PASSED
2025-10-17 00:43:19,176 [INFO] 
================================================================================
2025-10-17 00:43:19,176 [INFO] TEST 5: Method Signatures
2025-10-17 00:43:19,176 [INFO] ================================================================================
2025-10-17 00:43:19,176 [INFO] 
Checking adapter method signatures...
2025-10-17 00:43:19,199 [INFO] 
  BaseAdapter:
2025-10-17 00:43:19,199 [INFO]     ✓ __init__
2025-10-17 00:43:19,199 [ERROR]     ✗ _load_module - MISSING
2025-10-17 00:43:19,199 [ERROR]     ✗ execute - MISSING
2025-10-17 00:43:19,199 [INFO] 
  PolicyProcessorAdapter:
2025-10-17 00:43:19,199 [INFO]     ✓ __init__
2025-10-17 00:43:19,199 [INFO]     ✓ _load_module
2025-10-17 00:43:19,199 [INFO]     ✓ execute
2025-10-17 00:43:19,199 [INFO] 
  AnalyzerOneAdapter:
2025-10-17 00:43:19,200 [INFO]     ✓ __init__
2025-10-17 00:43:19,200 [INFO]     ✓ _load_module
2025-10-17 00:43:19,200 [INFO]     ✓ execute
2025-10-17 00:43:19,200 [INFO] 
  ContradictionDetectorAdapter:
2025-10-17 00:43:19,200 [INFO]     ✓ __init__
2025-10-17 00:43:19,200 [INFO]     ✓ _load_module
2025-10-17 00:43:19,200 [INFO]     ✓ execute
2025-10-17 00:43:19,200 [INFO] 
  DerekBeachAdapter:
2025-10-17 00:43:19,200 [INFO]     ✓ __init__
2025-10-17 00:43:19,200 [INFO]     ✓ _load_module
2025-10-17 00:43:19,200 [INFO]     ✓ execute
2025-10-17 00:43:19,200 [INFO] 
  EmbeddingPolicyAdapter:
2025-10-17 00:43:19,200 [INFO]     ✓ __init__
2025-10-17 00:43:19,200 [INFO]     ✓ _load_module
2025-10-17 00:43:19,200 [INFO]     ✓ execute
2025-10-17 00:43:19,200 [INFO] 
  FinancialAnalyzerAdapter:
2025-10-17 00:43:19,200 [INFO]     ✓ __init__
2025-10-17 00:43:19,201 [INFO]     ✓ _load_module
2025-10-17 00:43:19,201 [INFO]     ✓ execute
2025-10-17 00:43:19,201 [INFO] 
  CausalProcessorAdapter:
2025-10-17 00:43:19,201 [INFO]     ✓ __init__
2025-10-17 00:43:19,201 [INFO]     ✓ _load_module
2025-10-17 00:43:19,201 [INFO]     ✓ execute
2025-10-17 00:43:19,201 [INFO] 
  PolicySegmenterAdapter:
2025-10-17 00:43:19,201 [INFO]     ✓ __init__
2025-10-17 00:43:19,201 [INFO]     ✓ _load_module
2025-10-17 00:43:19,201 [INFO]     ✓ execute
2025-10-17 00:43:19,201 [INFO] 
  SemanticProcessorAdapter:
2025-10-17 00:43:19,201 [INFO]     ✓ __init__
2025-10-17 00:43:19,201 [INFO]     ✓ _load_module
2025-10-17 00:43:19,201 [INFO]     ✓ execute
2025-10-17 00:43:19,201 [INFO] 
  BayesianIntegratorAdapter:
2025-10-17 00:43:19,201 [INFO]     ✓ __init__
2025-10-17 00:43:19,201 [INFO]     ✓ _load_module
2025-10-17 00:43:19,201 [INFO]     ✓ execute
2025-10-17 00:43:19,201 [INFO] 
  ValidationFrameworkAdapter:
2025-10-17 00:43:19,201 [INFO]     ✓ __init__
2025-10-17 00:43:19,201 [INFO]     ✓ _load_module
2025-10-17 00:43:19,201 [INFO]     ✓ execute
2025-10-17 00:43:19,201 [INFO] 
  MunicipalAnalyzerAdapter:
2025-10-17 00:43:19,201 [INFO]     ✓ __init__
2025-10-17 00:43:19,201 [INFO]     ✓ _load_module
2025-10-17 00:43:19,201 [INFO]     ✓ execute
2025-10-17 00:43:19,201 [INFO] 
  PDETAnalyzerAdapter:
2025-10-17 00:43:19,201 [INFO]     ✓ __init__
2025-10-17 00:43:19,201 [INFO]     ✓ _load_module
2025-10-17 00:43:19,201 [INFO]     ✓ execute
2025-10-17 00:43:19,201 [INFO] 
  DecologoProcessorAdapter:
2025-10-17 00:43:19,202 [INFO]     ✓ __init__
2025-10-17 00:43:19,202 [INFO]     ✓ _load_module
2025-10-17 00:43:19,202 [INFO]     ✓ execute
2025-10-17 00:43:19,202 [INFO] 
  EmbeddingAnalyzerAdapter:
2025-10-17 00:43:19,202 [INFO]     ✓ __init__
2025-10-17 00:43:19,202 [INFO]     ✓ _load_module
2025-10-17 00:43:19,202 [INFO]     ✓ execute
2025-10-17 00:43:19,202 [INFO] 
  CausalValidatorAdapter:
2025-10-17 00:43:19,202 [INFO]     ✓ __init__
2025-10-17 00:43:19,202 [INFO]     ✓ _load_module
2025-10-17 00:43:19,202 [INFO]     ✓ execute
2025-10-17 00:43:19,203 [ERROR] ✗ Method Signatures FAILED
2025-10-17 00:43:19,203 [INFO] 
================================================================================
2025-10-17 00:43:19,203 [INFO] TEST 6: Adapter Registry
2025-10-17 00:43:19,203 [INFO] ================================================================================
2025-10-17 00:43:19,203 [INFO] 
Checking ModuleAdapterRegistry...
2025-10-17 00:43:19,203 [INFO]   ✓ policy_processor               - Referenced
2025-10-17 00:43:19,203 [INFO]   ✓ analyzer_one                   - Referenced
2025-10-17 00:43:19,203 [INFO]   ✓ contradiction_detector         - Referenced
2025-10-17 00:43:19,203 [INFO]   ✓ dereck_beach                   - Referenced
2025-10-17 00:43:19,203 [INFO]   ✓ embedding_policy               - Referenced
2025-10-17 00:43:19,203 [ERROR]   ✗ financial_viability            - NOT REFERENCED
2025-10-17 00:43:19,203 [INFO]   ✓ causal_processor               - Referenced
2025-10-17 00:43:19,203 [INFO]   ✓ policy_segmenter               - Referenced
2025-10-17 00:43:19,203 [ERROR] ✗ Adapter Registry FAILED
2025-10-17 00:43:19,203 [INFO] 
================================================================================
2025-10-17 00:43:19,203 [INFO] TEST 7: Question Router
2025-10-17 00:43:19,203 [INFO] ================================================================================
2025-10-17 00:43:19,203 [INFO] 
Checking QuestionRouter...
2025-10-17 00:43:19,205 [INFO]   ✓ __init__
2025-10-17 00:43:19,205 [INFO]   ✓ get_modules_for_question
2025-10-17 00:43:19,205 [ERROR]   ✗ _determine_required_modules - MISSING
2025-10-17 00:43:19,206 [INFO]   ✓ Dimension D1 mapped
2025-10-17 00:43:19,206 [INFO]   ✓ Dimension D2 mapped
2025-10-17 00:43:19,206 [INFO]   ✓ Dimension D3 mapped
2025-10-17 00:43:19,206 [INFO]   ✓ Dimension D4 mapped
2025-10-17 00:43:19,206 [INFO]   ✓ Dimension D5 mapped
2025-10-17 00:43:19,206 [INFO]   ✓ Dimension D6 mapped
2025-10-17 00:43:19,206 [ERROR] ✗ Question Router FAILED
2025-10-17 00:43:19,206 [INFO] 
================================================================================
2025-10-17 00:43:19,206 [INFO] TEST 8: Choreographer
2025-10-17 00:43:19,206 [INFO] ================================================================================
2025-10-17 00:43:19,206 [INFO] 
Checking ExecutionChoreographer...
2025-10-17 00:43:19,209 [INFO]   ✓ __init__
2025-10-17 00:43:19,209 [INFO]   ✓ execute_for_question
2025-10-17 00:43:19,209 [INFO]   ✓ _execute_module
2025-10-17 00:43:19,209 [INFO]   ✓ _execute_wave
2025-10-17 00:43:19,209 [INFO]   ✓ Imports ModuleAdapterRegistry
2025-10-17 00:43:19,209 [INFO] ✓ Choreographer PASSED
2025-10-17 00:43:19,209 [INFO] 
================================================================================
2025-10-17 00:43:19,209 [INFO] TEST 9: Config Consistency
2025-10-17 00:43:19,209 [INFO] ================================================================================
2025-10-17 00:43:19,209 [INFO] 
Checking config consistency...
2025-10-17 00:43:19,210 [INFO]   ✓ policy_processor               - Consistent
2025-10-17 00:43:19,210 [INFO]   ✓ analyzer_one                   - Consistent
2025-10-17 00:43:19,210 [INFO]   ✓ contradiction_detector         - Consistent
2025-10-17 00:43:19,210 [INFO]   ✓ dereck_beach                   - Consistent
2025-10-17 00:43:19,210 [INFO]   ✓ embedding_policy               - Consistent
2025-10-17 00:43:19,210 [ERROR]   ✗ financial_viability            - In config but NOT in adapters
2025-10-17 00:43:19,210 [INFO]   ✓ causal_processor               - Consistent
2025-10-17 00:43:19,210 [INFO]   ✓ policy_segmenter               - Consistent
2025-10-17 00:43:19,210 [ERROR] ✗ Config Consistency FAILED
2025-10-17 00:43:19,210 [INFO] 
================================================================================
2025-10-17 00:43:19,210 [INFO] TEST 10: Invocation Chain
2025-10-17 00:43:19,210 [INFO] ================================================================================
2025-10-17 00:43:19,210 [INFO] 
Checking invocation chain...
2025-10-17 00:43:19,210 [INFO]   ✓ run_farfan.py imports orchestrator
2025-10-17 00:43:19,210 [INFO]   ✓ Orchestrator imports choreographer
2025-10-17 00:43:19,210 [INFO]   ✓ Choreographer imports registry
2025-10-17 00:43:19,225 [ERROR]   ✗ Registry initializes adapters
2025-10-17 00:43:19,250 [ERROR]   ✗ Adapters have execute method
2025-10-17 00:43:19,250 [ERROR] ✗ Invocation Chain FAILED
2025-10-17 00:43:19,250 [INFO] 
================================================================================
2025-10-17 00:43:19,250 [INFO] TEST SUMMARY
2025-10-17 00:43:19,250 [INFO] ================================================================================
2025-10-17 00:43:19,250 [INFO] 
Tests passed: 5/10
2025-10-17 00:43:19,250 [INFO] Success rate: 50.0%
2025-10-17 00:43:19,250 [ERROR] 
❌ ERRORS (5):
2025-10-17 00:43:19,250 [ERROR]   1. BaseAdapter missing _load_module
2025-10-17 00:43:19,250 [ERROR]   2. BaseAdapter missing execute
2025-10-17 00:43:19,250 [ERROR]   3. Adapter not registered: financial_viability
2025-10-17 00:43:19,250 [ERROR]   4. QuestionRouter missing _determine_required_modules
2025-10-17 00:43:19,250 [ERROR]   5. financial_viability in config but not in adapters
2025-10-17 00:43:19,250 [ERROR] 
❌ CRITICAL ERRORS FOUND - MUST FIX BEFORE DEPLOYMENT
2025-10-17 00:43:19,250 [INFO] 
Log saved to: test_architecture.log
2025-10-17 00:43:19,250 [INFO] ================================================================================
